<?xml version="1.0" encoding="UTF-8"?>
<!-- Generated by org.testng.reporters.JUnitReportReporter -->
<testsuite hostname="DESKTOP-5F19QSO" failures="0" tests="1" name="automation.actitime.tests.CheckLoginandLogoutFunctionality" time="5.865" errors="0" timestamp="2023-05-19T17:11:23 IST" skipped="0">
  <testcase classname="automation.actitime.tests.CheckLoginandLogoutFunctionality" name="LoginToApplication" time="5.865"/>
  <system-out/>
</testsuite> <!-- automation.actitime.tests.CheckLoginandLogoutFunctionality -->
