<?xml version="1.0" encoding="UTF-8"?>
<!-- Generated by org.testng.reporters.JUnitReportReporter -->
<testsuite hostname="DESKTOP-5F19QSO" failures="0" tests="1" name="automation.actitime.tests.SmokeTest" time="0.360" errors="0" timestamp="2023-02-16T16:48:35 IST" skipped="0">
  <testcase classname="automation.actitime.tests.SmokeTest" name="LoginToApplication" time="0.360"/>
  <system-out/>
</testsuite> <!-- automation.actitime.tests.SmokeTest -->
