<?xml version="1.0" encoding="UTF-8"?>
<!-- Generated by org.testng.reporters.JUnitReportReporter -->
<testsuite hostname="DESKTOP-5F19QSO" failures="0" tests="1" name="automation.actitime.tests.PageObjectTest" time="0.362" errors="0" timestamp="2023-02-16T16:37:36 IST" skipped="0">
  <testcase classname="automation.actitime.tests.PageObjectTest" name="LoginToApplication" time="0.362"/>
  <system-out/>
</testsuite> <!-- automation.actitime.tests.PageObjectTest -->
